user_id=, post_id=
user_id=, post_id=
user_id=, post_id=
user_id=, post_id=
user_id=, post_id=2
user_id=-1, post_id=2
user_id=, post_id=2
user_id=, post_id=2
user_id=, post_id=2
user_id=, post_id=2
user_id=, post_id=2
user_id=-1, post_id=2
user_id=1, post_id=2
user_id=1, post_id=2
user_id=, post_id=
user_id=, post_id=2
user_id=1, post_id=2
user_id=, post_id=2
user_id=, post_id=2
user_id=, post_id=2
user_id=, post_id=2
user_id=, post_id=2
user_id=-1, post_id=2
user_id=1, post_id=2
user_id=1, post_id=2
user_id=1, post_id=2
user_id=1, post_id=2
user_id=1, post_id=2
user_id=1, post_id=1, is_favorited=true
user_id=1, post_id=4, is_favorited=false
user_id=1, post_id=3, is_favorited=false
user_id=1, post_id=2, is_favorited=false
user_id=, post_id=1, is_favorited=false
user_id=, post_id=4, is_favorited=false
user_id=, post_id=3, is_favorited=false
user_id=, post_id=2, is_favorited=false
user_id=, post_id=1, is_favorited=false
user_id=, post_id=4, is_favorited=false
user_id=, post_id=3, is_favorited=false
user_id=, post_id=2, is_favorited=false
user_id=, post_id=1, is_favorited=false
user_id=, post_id=4, is_favorited=false
user_id=, post_id=3, is_favorited=false
user_id=, post_id=2, is_favorited=false
user_id=, post_id=1, is_favorited=false
user_id=, post_id=4, is_favorited=false
user_id=, post_id=3, is_favorited=false
user_id=, post_id=2, is_favorited=false
user_id=1, post_id=1, is_favorited=true
user_id=1, post_id=4, is_favorited=false
user_id=1, post_id=3, is_favorited=false
user_id=1, post_id=2, is_favorited=false
user_id=1, post_id=1, is_favorited=true
user_id=1, post_id=4, is_favorited=false
user_id=1, post_id=3, is_favorited=false
user_id=1, post_id=2, is_favorited=false
user_id=1, post_id=1, is_favorited=true
user_id=1, post_id=4, is_favorited=false
user_id=1, post_id=3, is_favorited=false
user_id=1, post_id=2, is_favorited=false
user_id=1, post_id=1, is_favorited=true
user_id=1, post_id=4, is_favorited=false
user_id=1, post_id=3, is_favorited=false
user_id=1, post_id=2, is_favorited=false
user_id=1, post_id=1, is_favorited=true
user_id=1, post_id=4, is_favorited=false
user_id=1, post_id=3, is_favorited=false
user_id=1, post_id=2, is_favorited=false
user_id=1, post_id=1, is_favorited=true
user_id=1, post_id=4, is_favorited=false
user_id=1, post_id=3, is_favorited=false
user_id=1, post_id=2, is_favorited=false
user_id=1, post_id=1, is_favorited=true
user_id=1, post_id=4, is_favorited=false
user_id=1, post_id=3, is_favorited=false
user_id=1, post_id=2, is_favorited=false
user_id=-1, post_id=1, is_favorited=false
user_id=-1, post_id=4, is_favorited=false
user_id=-1, post_id=3, is_favorited=false
user_id=-1, post_id=2, is_favorited=false
user_id=1, post_id=1, is_favorited=false
user_id=1, post_id=4, is_favorited=false
user_id=1, post_id=3, is_favorited=false
user_id=1, post_id=2, is_favorited=false
user_id=1, post_id=1, is_favorited=false
user_id=1, post_id=4, is_favorited=false
user_id=1, post_id=3, is_favorited=false
user_id=1, post_id=2, is_favorited=false
user_id=1, post_id=1, is_favorited=false
user_id=1, post_id=4, is_favorited=false
user_id=1, post_id=3, is_favorited=false
user_id=1, post_id=2, is_favorited=false
user_id=1, post_id=1, favorited=true
user_id=1, post_id=4, favorited=false
user_id=1, post_id=3, favorited=false
user_id=1, post_id=2, favorited=false
user_id=-1, post_id=1, favorited=false
user_id=-1, post_id=4, favorited=false
user_id=-1, post_id=3, favorited=false
user_id=-1, post_id=2, favorited=false
user_id=1, post_id=1, favorited=true
user_id=1, post_id=4, favorited=false
user_id=1, post_id=3, favorited=false
user_id=1, post_id=2, favorited=false
user_id=1, post_id=1, favorited=true
user_id=1, post_id=4, favorited=false
user_id=1, post_id=3, favorited=false
user_id=1, post_id=2, favorited=false
user_id=1, post_id=1, favorited=true
user_id=1, post_id=4, favorited=false
user_id=1, post_id=3, favorited=false
user_id=1, post_id=2, favorited=false
user_id=1, post_id=1, favorited=true
user_id=1, post_id=4, favorited=false
user_id=1, post_id=3, favorited=false
user_id=1, post_id=2, favorited=false
user_id=1, post_id=1, favorited=true
user_id=1, post_id=4, favorited=false
user_id=1, post_id=3, favorited=false
user_id=1, post_id=2, favorited=false
user_id=1, post_id=1, favorited=true
user_id=1, post_id=4, favorited=false
user_id=1, post_id=3, favorited=false
user_id=1, post_id=2, favorited=false
user_id=1, post_id=1, favorited=true
user_id=1, post_id=4, favorited=false
user_id=1, post_id=3, favorited=false
user_id=1, post_id=2, favorited=false
user_id=1, post_id=1, favorited=true
user_id=1, post_id=4, favorited=false
user_id=1, post_id=3, favorited=false
user_id=1, post_id=2, favorited=false
user_id=1, post_id=1, favorited=true
user_id=1, post_id=4, favorited=false
user_id=1, post_id=3, favorited=false
user_id=1, post_id=2, favorited=false
user_id=1, post_id=1, favorited=true
user_id=1, post_id=4, favorited=false
user_id=1, post_id=3, favorited=false
user_id=1, post_id=2, favorited=false
user_id=1, post_id=1, favorited=true
user_id=1, post_id=4, favorited=false
user_id=1, post_id=3, favorited=false
user_id=1, post_id=2, favorited=false
user_id=1, post_id=1, favorited=true
user_id=1, post_id=4, favorited=false
user_id=1, post_id=3, favorited=false
user_id=1, post_id=2, favorited=false
user_id=1, post_id=1, favorited=true
user_id=1, post_id=4, favorited=false
user_id=1, post_id=3, favorited=false
user_id=1, post_id=2, favorited=false
user_id=1, post_id=1, favorited=true
user_id=1, post_id=4, favorited=false
user_id=1, post_id=3, favorited=false
user_id=1, post_id=2, favorited=false
user_id=1, post_id=1, favorited=true
user_id=1, post_id=4, favorited=true
user_id=1, post_id=3, favorited=false
user_id=1, post_id=2, favorited=false
user_id=1, post_id=1, favorited=true
user_id=1, post_id=4, favorited=true
user_id=1, post_id=3, favorited=false
user_id=1, post_id=2, favorited=false
user_id=1, post_id=1, favorited=true
user_id=1, post_id=4, favorited=false
user_id=1, post_id=3, favorited=false
user_id=1, post_id=2, favorited=false
user_id=1, post_id=1, favorited=true
user_id=1, post_id=4, favorited=true
user_id=1, post_id=3, favorited=false
user_id=1, post_id=2, favorited=false
user_id=1, post_id=1, favorited=true
user_id=1, post_id=4, favorited=true
user_id=1, post_id=3, favorited=false
user_id=1, post_id=2, favorited=false
user_id=1, post_id=1, favorited=true
user_id=1, post_id=4, favorited=true
user_id=1, post_id=3, favorited=false
user_id=1, post_id=2, favorited=false
user_id=1, post_id=1, favorited=true
user_id=1, post_id=4, favorited=true
user_id=1, post_id=3, favorited=false
user_id=1, post_id=2, favorited=false
user_id=1, post_id=1, favorited=true
user_id=1, post_id=4, favorited=true
user_id=1, post_id=3, favorited=false
user_id=1, post_id=2, favorited=false
user_id=1, post_id=1, favorited=true
user_id=1, post_id=4, favorited=true
user_id=1, post_id=3, favorited=false
user_id=1, post_id=2, favorited=false
user_id=1, post_id=1, favorited=true
user_id=1, post_id=4, favorited=true
user_id=1, post_id=3, favorited=false
user_id=1, post_id=2, favorited=false
user_id=1, post_id=1, favorited=true
user_id=1, post_id=4, favorited=true
user_id=1, post_id=3, favorited=false
user_id=1, post_id=2, favorited=false
user_id=1, post_id=1, favorited=true
user_id=1, post_id=4, favorited=true
user_id=1, post_id=3, favorited=false
user_id=1, post_id=2, favorited=false
user_id=1, post_id=1, favorited=true
user_id=1, post_id=4, favorited=true
user_id=1, post_id=3, favorited=false
user_id=1, post_id=2, favorited=false
user_id=1, post_id=1, favorited=true
user_id=1, post_id=4, favorited=true
user_id=1, post_id=3, favorited=false
user_id=1, post_id=2, favorited=false
user_id=-1, post_id=1, favorited=false
user_id=-1, post_id=4, favorited=false
user_id=-1, post_id=3, favorited=false
user_id=-1, post_id=2, favorited=false
user_id=-1, post_id=1, favorited=false
user_id=-1, post_id=4, favorited=false
user_id=-1, post_id=3, favorited=false
user_id=-1, post_id=2, favorited=false
user_id=-1, post_id=1, favorited=false
user_id=-1, post_id=4, favorited=false
user_id=-1, post_id=3, favorited=false
user_id=-1, post_id=2, favorited=false
user_id=-1, post_id=1, favorited=false
user_id=-1, post_id=4, favorited=false
user_id=-1, post_id=3, favorited=false
user_id=-1, post_id=2, favorited=false
user_id=-1, post_id=1, favorited=false
user_id=-1, post_id=4, favorited=false
user_id=-1, post_id=3, favorited=false
user_id=-1, post_id=2, favorited=false
user_id=1, post_id=1, favorited=true
user_id=1, post_id=4, favorited=true
user_id=1, post_id=3, favorited=false
user_id=1, post_id=2, favorited=false
user_id=1, post_id=1, favorited=true
user_id=1, post_id=4, favorited=true
user_id=1, post_id=3, favorited=false
user_id=1, post_id=2, favorited=false
user_id=-1, post_id=1, favorited=false
user_id=-1, post_id=4, favorited=false
user_id=-1, post_id=3, favorited=false
user_id=-1, post_id=2, favorited=false
user_id=-1, post_id=1, favorited=false
user_id=-1, post_id=4, favorited=false
user_id=-1, post_id=3, favorited=false
user_id=-1, post_id=2, favorited=false
user_id=1, post_id=1, favorited=true
user_id=1, post_id=4, favorited=true
user_id=1, post_id=3, favorited=false
user_id=1, post_id=2, favorited=false
user_id=1, post_id=1, favorited=true
user_id=1, post_id=4, favorited=true
user_id=1, post_id=3, favorited=false
user_id=1, post_id=2, favorited=false
user_id=1, post_id=1, favorited=true
user_id=1, post_id=4, favorited=true
user_id=1, post_id=3, favorited=false
user_id=1, post_id=2, favorited=false
user_id=1, post_id=1, favorited=true
user_id=1, post_id=4, favorited=true
user_id=1, post_id=3, favorited=false
user_id=1, post_id=2, favorited=false
user_id=1, post_id=1, favorited=true
user_id=1, post_id=4, favorited=true
user_id=1, post_id=3, favorited=false
user_id=1, post_id=2, favorited=false
user_id=1, post_id=1, favorited=true
user_id=1, post_id=5, favorited=false
user_id=1, post_id=4, favorited=true
user_id=1, post_id=3, favorited=false
user_id=1, post_id=2, favorited=false
user_id=1, post_id=1, favorited=true
user_id=1, post_id=5, favorited=false
user_id=1, post_id=4, favorited=true
user_id=1, post_id=3, favorited=false
user_id=1, post_id=2, favorited=false
user_id=1, post_id=1, favorited=true
user_id=1, post_id=5, favorited=false
user_id=1, post_id=4, favorited=true
user_id=1, post_id=3, favorited=false
user_id=1, post_id=2, favorited=false
user_id=1, post_id=1, favorited=true
user_id=1, post_id=6, favorited=false
user_id=1, post_id=5, favorited=false
user_id=1, post_id=4, favorited=true
user_id=1, post_id=3, favorited=false
user_id=1, post_id=2, favorited=false
user_id=1, post_id=1, favorited=true
user_id=1, post_id=6, favorited=false
user_id=1, post_id=5, favorited=false
user_id=1, post_id=4, favorited=true
user_id=1, post_id=3, favorited=false
user_id=1, post_id=2, favorited=false
user_id=1, post_id=1, favorited=true
user_id=1, post_id=6, favorited=false
user_id=1, post_id=5, favorited=false
user_id=1, post_id=4, favorited=true
user_id=1, post_id=3, favorited=false
user_id=1, post_id=2, favorited=false
user_id=1, post_id=1, favorited=true
user_id=1, post_id=6, favorited=false
user_id=1, post_id=5, favorited=false
user_id=1, post_id=4, favorited=true
user_id=1, post_id=3, favorited=false
user_id=1, post_id=2, favorited=false
user_id=1, post_id=1, favorited=true
user_id=1, post_id=6, favorited=false
user_id=1, post_id=5, favorited=false
user_id=1, post_id=4, favorited=true
user_id=1, post_id=3, favorited=false
user_id=1, post_id=2, favorited=false
user_id=1, post_id=1, favorited=true
user_id=1, post_id=6, favorited=false
user_id=1, post_id=5, favorited=false
user_id=1, post_id=4, favorited=true
user_id=1, post_id=3, favorited=false
user_id=1, post_id=2, favorited=false
user_id=1, post_id=1, favorited=true
user_id=1, post_id=6, favorited=false
user_id=1, post_id=5, favorited=false
user_id=1, post_id=4, favorited=true
user_id=1, post_id=3, favorited=false
user_id=1, post_id=2, favorited=false
user_id=1, post_id=1, favorited=true
user_id=1, post_id=6, favorited=false
user_id=1, post_id=5, favorited=false
user_id=1, post_id=4, favorited=true
user_id=1, post_id=3, favorited=false
user_id=1, post_id=2, favorited=false
user_id=1, post_id=1, favorited=true
user_id=1, post_id=6, favorited=false
user_id=1, post_id=5, favorited=false
user_id=1, post_id=4, favorited=true
user_id=1, post_id=3, favorited=false
user_id=1, post_id=2, favorited=false
user_id=1, post_id=1, favorited=true
user_id=1, post_id=6, favorited=false
user_id=1, post_id=5, favorited=false
user_id=1, post_id=4, favorited=true
user_id=1, post_id=3, favorited=false
user_id=1, post_id=2, favorited=false
user_id=-1, post_id=1, favorited=false
user_id=-1, post_id=6, favorited=false
user_id=-1, post_id=5, favorited=false
user_id=-1, post_id=4, favorited=false
user_id=-1, post_id=3, favorited=false
user_id=-1, post_id=2, favorited=false
user_id=1, post_id=1, favorited=true
user_id=1, post_id=6, favorited=false
user_id=1, post_id=5, favorited=false
user_id=1, post_id=4, favorited=true
user_id=1, post_id=3, favorited=false
user_id=1, post_id=2, favorited=false
user_id=1, post_id=1, favorited=true
user_id=1, post_id=6, favorited=false
user_id=1, post_id=5, favorited=false
user_id=1, post_id=4, favorited=true
user_id=1, post_id=3, favorited=false
user_id=1, post_id=2, favorited=false
user_id=1, post_id=1, favorited=true
user_id=1, post_id=6, favorited=false
user_id=1, post_id=5, favorited=false
user_id=1, post_id=4, favorited=true
user_id=1, post_id=3, favorited=false
user_id=1, post_id=2, favorited=false
user_id=1, post_id=1, favorited=true
user_id=1, post_id=6, favorited=false
user_id=1, post_id=5, favorited=false
user_id=1, post_id=4, favorited=true
user_id=1, post_id=3, favorited=false
user_id=1, post_id=2, favorited=false
user_id=1, post_id=1, favorited=true
user_id=1, post_id=6, favorited=false
user_id=1, post_id=5, favorited=false
user_id=1, post_id=4, favorited=true
user_id=1, post_id=3, favorited=false
user_id=1, post_id=2, favorited=false
user_id=1, post_id=1, favorited=true
user_id=1, post_id=6, favorited=false
user_id=1, post_id=5, favorited=false
user_id=1, post_id=4, favorited=true
user_id=1, post_id=3, favorited=false
user_id=1, post_id=2, favorited=false
user_id=1, post_id=1, favorited=true
user_id=1, post_id=6, favorited=false
user_id=1, post_id=5, favorited=false
user_id=1, post_id=4, favorited=true
user_id=1, post_id=3, favorited=false
user_id=1, post_id=2, favorited=false
user_id=1, post_id=1, favorited=true
user_id=1, post_id=6, favorited=false
user_id=1, post_id=5, favorited=false
user_id=1, post_id=4, favorited=true
user_id=1, post_id=3, favorited=false
user_id=1, post_id=2, favorited=false
user_id=1, post_id=1, favorited=true
user_id=1, post_id=6, favorited=false
user_id=1, post_id=5, favorited=false
user_id=1, post_id=4, favorited=true
user_id=1, post_id=3, favorited=false
user_id=1, post_id=2, favorited=false
user_id=1, post_id=1, favorited=true
user_id=1, post_id=6, favorited=false
user_id=1, post_id=5, favorited=false
user_id=1, post_id=4, favorited=true
user_id=1, post_id=3, favorited=false
user_id=1, post_id=2, favorited=false
user_id=1, post_id=1, favorited=true
user_id=1, post_id=6, favorited=false
user_id=1, post_id=5, favorited=false
user_id=1, post_id=4, favorited=true
user_id=1, post_id=3, favorited=false
user_id=1, post_id=2, favorited=false
user_id=1, post_id=1, favorited=true
user_id=1, post_id=6, favorited=false
user_id=1, post_id=5, favorited=false
user_id=1, post_id=4, favorited=true
user_id=1, post_id=3, favorited=false
user_id=1, post_id=2, favorited=false
